#
# There is insufficient memory for the Java Runtime Environment to continue.
# Native memory allocation (malloc) failed to allocate 777776 bytes for Chunk::new
# Possible reasons:
#   The system is out of physical RAM or swap space
#   In 32 bit mode, the process size limit was hit
# Possible solutions:
#   Reduce memory load on the system
#   Increase physical memory or swap space
#   Check if swap backing store is full
#   Use 64 bit Java on a 64 bit OS
#   Decrease Java heap size (-Xmx/-Xms)
#   Decrease number of Java threads
#   Decrease Java thread stack sizes (-Xss)
#   Set larger code cache with -XX:ReservedCodeCacheSize=
# This output file may be truncated or incomplete.
#
#  Out of Memory Error (allocation.cpp:390), pid=560, tid=21540
#
# JRE version: Java(TM) SE Runtime Environment (8.0_40-b26) (build 1.8.0_40-b26)
# Java VM: Java HotSpot(TM) 64-Bit Server VM (25.40-b25 mixed mode windows-amd64 compressed oops)
# Failed to write core dump. Minidumps are not enabled by default on client versions of Windows
#

---------------  T H R E A D  ---------------

Current thread (0x000000001c1d6000):  JavaThread "C2 CompilerThread0" daemon [_thread_in_native, id=21540, stack(0x000000001d720000,0x000000001d820000)]

Stack: [0x000000001d720000,0x000000001d820000]
Native frames: (J=compiled Java code, j=interpreted, Vv=VM code, C=native code)
V  [jvm.dll+0x32b47a]


Current CompileTask:
C2:  15519 1241       4       java.io.WinNTFileSystem::normalize (143 bytes)


---------------  P R O C E S S  ---------------

Java Threads: ( => current thread )
  0x000000001e7d2000 JavaThread "background-preinit" [_thread_in_native, id=22792, stack(0x000000001fb50000,0x000000001fc50000)]
  0x000000001e7cf000 JavaThread "restartedMain" [_thread_in_native, id=22700, stack(0x000000001fa50000,0x000000001fb50000)]
  0x000000001e7cb800 JavaThread "Thread-0" [_thread_blocked, id=22680, stack(0x000000001f950000,0x000000001fa50000)]
  0x000000001d82c000 JavaThread "Service Thread" daemon [_thread_blocked, id=22128, stack(0x000000001de20000,0x000000001df20000)]
  0x000000001d826800 JavaThread "C1 CompilerThread2" daemon [_thread_blocked, id=20172, stack(0x000000001dd20000,0x000000001de20000)]
  0x000000001d823800 JavaThread "C2 CompilerThread1" daemon [_thread_blocked, id=776, stack(0x000000001dc20000,0x000000001dd20000)]
=>0x000000001c1d6000 JavaThread "C2 CompilerThread0" daemon [_thread_in_native, id=21540, stack(0x000000001d720000,0x000000001d820000)]
  0x000000001c1d5000 JavaThread "Attach Listener" daemon [_thread_blocked, id=22088, stack(0x000000001d620000,0x000000001d720000)]
  0x000000001c1d3800 JavaThread "Signal Dispatcher" daemon [_thread_blocked, id=11216, stack(0x000000001d520000,0x000000001d620000)]
  0x0000000002bdc000 JavaThread "Finalizer" daemon [_thread_blocked, id=16304, stack(0x000000001d420000,0x000000001d520000)]
  0x0000000002bd3000 JavaThread "Reference Handler" daemon [_thread_blocked, id=7840, stack(0x000000001d320000,0x000000001d420000)]
  0x0000000002ae7800 JavaThread "main" [_thread_blocked, id=18832, stack(0x0000000002960000,0x0000000002a60000)]

Other Threads:
  0x000000001c197800 VMThread [stack: 0x000000001d220000,0x000000001d320000] [id=21788]
  0x000000001d82d800 WatcherThread [stack: 0x000000001df20000,0x000000001e020000] [id=19404]

VM state:not at safepoint (normal execution)

VM Mutex/Monitor currently owned by a thread: None

Heap:
 PSYoungGen      total 76288K, used 58340K [0x000000076b300000, 0x0000000774800000, 0x00000007c0000000)
  eden space 65536K, 78% used [0x000000076b300000,0x000000076e5222a8,0x000000076f300000)
  from space 10752K, 65% used [0x000000076f300000,0x000000076f9d7078,0x000000076fd80000)
  to   space 10752K, 0% used [0x0000000773d80000,0x0000000773d80000,0x0000000774800000)
 ParOldGen       total 175104K, used 8K [0x00000006c1800000, 0x00000006cc300000, 0x000000076b300000)
  object space 175104K, 0% used [0x00000006c1800000,0x00000006c1802000,0x00000006cc300000)
 Metaspace       used 12143K, capacity 12554K, committed 12672K, reserved 1060864K
  class space    used 1506K, capacity 1634K, committed 1664K, reserved 1048576K

Card table byte_map: [0x0000000011fa0000,0x00000000127a0000] byte_map_base: 0x000000000e994000

Marking Bits: (ParMarkBitMap*) 0x0000000071074040
 Begin Bits: [0x00000000130f0000, 0x0000000017090000)
 End Bits:   [0x0000000017090000, 0x000000001b030000)

Polling page: 0x0000000000f40000

CodeCache: size=245760Kb used=4119Kb max_used=4145Kb free=241641Kb
 bounds [0x0000000002be0000, 0x0000000002ff0000, 0x0000000011be0000]
 total_blobs=1546 nmethods=1221 adapters=238
 compilation: enabled

Compilation events (10 events):
Event: 15.314 Thread 0x000000001d823800 nmethod 1214% 0x0000000002fe2890 code [0x0000000002fe2c40, 0x0000000002fe9708]
Event: 15.363 Thread 0x000000001d826800 1237       3       java.util.Collections$UnmodifiableRandomAccessList::<init> (6 bytes)
Event: 15.363 Thread 0x000000001d826800 nmethod 1237 0x0000000002fd8a10 code [0x0000000002fd8ba0, 0x0000000002fd8f48]
Event: 15.363 Thread 0x000000001d826800 1238       3       java.util.Collections$UnmodifiableList::<init> (11 bytes)
Event: 15.363 Thread 0x000000001d826800 nmethod 1238 0x0000000002fd83d0 code [0x0000000002fd8540, 0x0000000002fd8888]
Event: 15.463 Thread 0x000000001d826800 1239       3       org.hibernate.validator.internal.util.TypeHelper::resolveTypeForClassAndHierarchy (61 bytes)
Event: 15.463 Thread 0x000000001d826800 nmethod 1239 0x0000000002fe19d0 code [0x0000000002fe1be0, 0x0000000002fe2468]
Event: 15.463 Thread 0x000000001d826800 1240       3       sun.reflect.generics.repository.ClassRepository::getSuperInterfaces (83 bytes)
Event: 15.464 Thread 0x000000001d826800 nmethod 1240 0x0000000002fe0750 code [0x0000000002fe0940, 0x0000000002fe14d8]
Event: 15.467 Thread 0x000000001c1d6000 1241       4       java.io.WinNTFileSystem::normalize (143 bytes)

GC Heap History (2 events):
Event: 9.435 GC heap before
{Heap before GC invocations=1 (full 0):
 PSYoungGen      total 76288K, used 65532K [0x000000076b300000, 0x0000000770800000, 0x00000007c0000000)
  eden space 65536K, 99% used [0x000000076b300000,0x000000076f2ff2f8,0x000000076f300000)
  from space 10752K, 0% used [0x000000076fd80000,0x000000076fd80000,0x0000000770800000)
  to   space 10752K, 0% used [0x000000076f300000,0x000000076f300000,0x000000076fd80000)
 ParOldGen       total 175104K, used 0K [0x00000006c1800000, 0x00000006cc300000, 0x000000076b300000)
  object space 175104K, 0% used [0x00000006c1800000,0x00000006c1800000,0x00000006cc300000)
 Metaspace       used 7130K, capacity 7350K, committed 7552K, reserved 1056768K
  class space    used 826K, capacity 879K, committed 896K, reserved 1048576K
Event: 9.770 GC heap after
Heap after GC invocations=1 (full 0):
 PSYoungGen      total 76288K, used 7004K [0x000000076b300000, 0x0000000774800000, 0x00000007c0000000)
  eden space 65536K, 0% used [0x000000076b300000,0x000000076b300000,0x000000076f300000)
  from space 10752K, 65% used [0x000000076f300000,0x000000076f9d7078,0x000000076fd80000)
  to   space 10752K, 0% used [0x0000000773d80000,0x0000000773d80000,0x0000000774800000)
 ParOldGen       total 175104K, used 8K [0x00000006c1800000, 0x00000006cc300000, 0x000000076b300000)
  object space 175104K, 0% used [0x00000006c1800000,0x00000006c1802000,0x00000006cc300000)
 Metaspace       used 7130K, capacity 7350K, committed 7552K, reserved 1056768K
  class space    used 826K, capacity 879K, committed 896K, reserved 1048576K
}

Deoptimization events (10 events):
Event: 9.779 Thread 0x0000000002ae7800 Uncommon trap: reason=unstable_if action=reinterpret pc=0x0000000002ee4904 method=java.util.jar.Manifest$FastInputStream.peek()B @ 8
Event: 10.570 Thread 0x000000001e7cf000 Uncommon trap: reason=unstable_if action=reinterpret pc=0x0000000002ec91c8 method=java.lang.ThreadLocal.get()Ljava/lang/Object; @ 11
Event: 10.570 Thread 0x000000001e7cf000 Uncommon trap: reason=unstable_if action=reinterpret pc=0x0000000002e4dc9c method=java.io.WinNTFileSystem.normalize(Ljava/lang/String;II)Ljava/lang/String; @ 90
Event: 10.573 Thread 0x000000001e7cf000 Uncommon trap: reason=class_check action=maybe_recompile pc=0x0000000002d8fec8 method=sun.misc.URLClassPath.getLoader(I)Lsun/misc/URLClassPath$Loader; @ 94
Event: 11.473 Thread 0x000000001e7cf000 Uncommon trap: reason=unstable_if action=reinterpret pc=0x0000000002ec9ecc method=java.util.HashMap.putVal(ILjava/lang/Object;Ljava/lang/Object;ZZ)Ljava/lang/Object; @ 236
Event: 11.483 Thread 0x000000001e7cf000 Uncommon trap: reason=unstable_if action=reinterpret pc=0x0000000002ecae84 method=java.lang.ThreadLocal$ThreadLocalMap.getEntry(Ljava/lang/ThreadLocal;)Ljava/lang/ThreadLocal$ThreadLocalMap$Entry; @ 21
Event: 11.489 Thread 0x000000001e7cf000 Uncommon trap: reason=unstable_if action=reinterpret pc=0x0000000002d8a0a4 method=java.lang.String.indexOf([CII[CIII)I @ 3
Event: 12.823 Thread 0x000000001e7cf000 Uncommon trap: reason=unstable_if action=reinterpret pc=0x0000000002ebc830 method=java.util.HashMap.hash(Ljava/lang/Object;)I @ 1
Event: 12.824 Thread 0x000000001e7cf000 Uncommon trap: reason=unstable_if action=reinterpret pc=0x0000000002f0f168 method=java.util.HashMap.hash(Ljava/lang/Object;)I @ 1
Event: 14.565 Thread 0x000000001e7cf000 Uncommon trap: reason=unstable_if action=reinterpret pc=0x0000000002ec77a4 method=java.util.HashMap.getNode(ILjava/lang/Object;)Ljava/util/HashMap$Node; @ 129

Internal exceptions (10 events):
Event: 8.255 Thread 0x0000000002ae7800 Exception <a 'java/lang/ArrayIndexOutOfBoundsException': 179> (0x000000076c9e1208) thrown at [D:\re\workspace\8-2-build-windows-amd64-cygwin\jdk8u40\3098\hotspot\src\share\vm\interpreter\interpreterRuntime.cpp, line 366]
Event: 8.255 Thread 0x0000000002ae7800 Exception <a 'java/lang/ArrayIndexOutOfBoundsException': 134> (0x000000076c9e2d88) thrown at [D:\re\workspace\8-2-build-windows-amd64-cygwin\jdk8u40\3098\hotspot\src\share\vm\interpreter\interpreterRuntime.cpp, line 366]
Event: 8.255 Thread 0x0000000002ae7800 Exception <a 'java/lang/ArrayIndexOutOfBoundsException': 134> (0x000000076c9e47e8) thrown at [D:\re\workspace\8-2-build-windows-amd64-cygwin\jdk8u40\3098\hotspot\src\share\vm\interpreter\interpreterRuntime.cpp, line 366]
Event: 10.258 Thread 0x000000001e7cb800 Exception <a 'java/lang/NoSuchMethodError': java.lang.Object.lambda$static$0(Ljava/lang/Throwable;)Lorg/springframework/boot/devtools/restart/FailureHandler$Outcome;> (0x000000076bd467d0) thrown at [D:\re\workspace\8-2-build-windows-amd64-cygwin\jdk8u40\30
Event: 10.570 Thread 0x000000001e7cf000 Implicit null exception at 0x0000000002ec911a to 0x0000000002ec91b5
Event: 11.483 Thread 0x000000001e7cf000 Implicit null exception at 0x0000000002ecadf4 to 0x0000000002ecae69
Event: 11.523 Thread 0x000000001e7cf000 Exception <a 'java/io/FileNotFoundException'> (0x000000076c152e30) thrown at [D:\re\workspace\8-2-build-windows-amd64-cygwin\jdk8u40\3098\hotspot\src\share\vm\prims\jni.cpp, line 709]
Event: 12.823 Thread 0x000000001e7cf000 Implicit null exception at 0x0000000002ebc798 to 0x0000000002ebc826
Event: 12.824 Thread 0x000000001e7cf000 Implicit null exception at 0x0000000002f0f0ef to 0x0000000002f0f159
Event: 13.468 Thread 0x000000001e7cf000 Exception <a 'java/lang/NoSuchMethodError': java.lang.Object.lambda$chars$1()Ljava/util/Spliterator$OfInt;> (0x000000076cc12108) thrown at [D:\re\workspace\8-2-build-windows-amd64-cygwin\jdk8u40\3098\hotspot\src\share\vm\interpreter\linkResolver.cpp, line Žç3 ‚ @

Events (10 events):
Event: 15.466 loading class org/hibernate/validator/internal/constraintvalidators/bv/number/bound/AbstractMaxValidator
Event: 15.466 loading class org/hibernate/validator/internal/constraintvalidators/bv/number/bound/AbstractMaxValidator done
Event: 15.466 loading class org/hibernate/validator/internal/constraintvalidators/bv/number/bound/MaxValidatorForBigInteger
Event: 15.466 loading class org/hibernate/validator/internal/constraintvalidators/bv/number/bound/MaxValidatorForBigInteger done
Event: 15.466 loading class org/hibernate/validator/internal/constraintvalidators/bv/number/bound/MaxValidatorForDouble
Event: 15.466 loading class org/hibernate/validator/internal/constraintvalidators/bv/number/bound/MaxValidatorForDouble done
Event: 15.467 loading class org/hibernate/validator/internal/constraintvalidators/bv/number/bound/MaxValidatorForFloat
Event: 15.467 loading class org/hibernate/validator/internal/constraintvalidators/bv/number/bound/MaxValidatorForFloat done
Event: 15.467 Thread 0x000000001e7d2000 DEOPT PACKING pc=0x0000000002f03d0d sp=0x000000001fc4d260
Event: 15.467 Thread 0x000000001e7d2000 DEOPT UNPACKING pc=0x0000000002c2787f sp=0x000000001fc4cfb0 mode 0


Dynamic libraries:
0x00007ff6985c0000 - 0x00007ff6985f7000 	C:\Program Files\Java\jre1.8.0_40\bin\javaw.exe
0x00007ffeea2a0000 - 0x00007ffeea490000 	C:\WINDOWS\SYSTEM32\ntdll.dll
0x00007ffee9bf0000 - 0x00007ffee9ca2000 	C:\WINDOWS\System32\KERNEL32.DLL
0x00007ffee7350000 - 0x00007ffee75f4000 	C:\WINDOWS\System32\KERNELBASE.dll
0x00007ffee9d30000 - 0x00007ffee9dd3000 	C:\WINDOWS\System32\ADVAPI32.dll
0x00007ffee8a20000 - 0x00007ffee8abe000 	C:\WINDOWS\System32\msvcrt.dll
0x00007ffee9630000 - 0x00007ffee96c7000 	C:\WINDOWS\System32\sechost.dll
0x00007ffee8350000 - 0x00007ffee8470000 	C:\WINDOWS\System32\RPCRT4.dll
0x00007ffee8c80000 - 0x00007ffee8e14000 	C:\WINDOWS\System32\USER32.dll
0x00007ffee77b0000 - 0x00007ffee77d1000 	C:\WINDOWS\System32\win32u.dll
0x00007ffee8470000 - 0x00007ffee8496000 	C:\WINDOWS\System32\GDI32.dll
0x00007ffee7f60000 - 0x00007ffee80f4000 	C:\WINDOWS\System32\gdi32full.dll
0x00007ffee8100000 - 0x00007ffee819e000 	C:\WINDOWS\System32\msvcp_win.dll
0x00007ffee7250000 - 0x00007ffee734a000 	C:\WINDOWS\System32\ucrtbase.dll
0x00007ffed3bf0000 - 0x00007ffed3e74000 	C:\WINDOWS\WinSxS\amd64_microsoft.windows.common-controls_6595b64144ccf1df_6.0.18362.836_none_e6c4b943130f18ed\COMCTL32.dll
0x00007ffee9f20000 - 0x00007ffeea256000 	C:\WINDOWS\System32\combase.dll
0x00007ffee7730000 - 0x00007ffee77b0000 	C:\WINDOWS\System32\bcryptPrimitives.dll
0x00007ffee8e20000 - 0x00007ffee8e4e000 	C:\WINDOWS\System32\IMM32.DLL
0x00000000705b0000 - 0x0000000070682000 	C:\Program Files\Java\jre1.8.0_40\bin\msvcr100.dll
0x0000000070870000 - 0x00000000710f3000 	C:\Program Files\Java\jre1.8.0_40\bin\server\jvm.dll
0x00007ffee9f10000 - 0x00007ffee9f18000 	C:\WINDOWS\System32\PSAPI.DLL
0x00007ffed18e0000 - 0x00007ffed18e9000 	C:\WINDOWS\SYSTEM32\WSOCK32.dll
0x00007ffee95c0000 - 0x00007ffee962f000 	C:\WINDOWS\System32\WS2_32.dll
0x00007ffed6570000 - 0x00007ffed6594000 	C:\WINDOWS\SYSTEM32\WINMM.dll
0x00007ffee46b0000 - 0x00007ffee46ba000 	C:\WINDOWS\SYSTEM32\VERSION.dll
0x00007ffed6320000 - 0x00007ffed634d000 	C:\WINDOWS\SYSTEM32\WINMMBASE.dll
0x00007ffee76e0000 - 0x00007ffee772a000 	C:\WINDOWS\System32\cfgmgr32.dll
0x0000000070780000 - 0x000000007078f000 	C:\Program Files\Java\jre1.8.0_40\bin\verify.dll
0x0000000070750000 - 0x0000000070779000 	C:\Program Files\Java\jre1.8.0_40\bin\java.dll
0x0000000070700000 - 0x0000000070716000 	C:\Program Files\Java\jre1.8.0_40\bin\zip.dll
0x00007ffee8e50000 - 0x00007ffee9534000 	C:\WINDOWS\System32\SHELL32.dll
0x00007ffee84a0000 - 0x00007ffee8549000 	C:\WINDOWS\System32\shcore.dll
0x00007ffee77e0000 - 0x00007ffee7f5e000 	C:\WINDOWS\System32\windows.storage.dll
0x00007ffee7170000 - 0x00007ffee7193000 	C:\WINDOWS\System32\profapi.dll
0x00007ffee71c0000 - 0x00007ffee720a000 	C:\WINDOWS\System32\powrprof.dll
0x00007ffee7160000 - 0x00007ffee7170000 	C:\WINDOWS\System32\UMPDC.dll
0x00007ffee9eb0000 - 0x00007ffee9f02000 	C:\WINDOWS\System32\shlwapi.dll
0x00007ffee7210000 - 0x00007ffee7221000 	C:\WINDOWS\System32\kernel.appcore.dll
0x00007ffee7230000 - 0x00007ffee7247000 	C:\WINDOWS\System32\cryptsp.dll
0x00000000706e0000 - 0x00000000706fa000 	C:\Program Files\Java\jre1.8.0_40\bin\net.dll
0x00007ffee6980000 - 0x00007ffee69e7000 	C:\WINDOWS\system32\mswsock.dll
0x00007ffee66a0000 - 0x00007ffee66da000 	C:\WINDOWS\SYSTEM32\IPHLPAPI.DLL
0x00007ffee95b0000 - 0x00007ffee95b8000 	C:\WINDOWS\System32\NSI.dll
0x00007ffed8460000 - 0x00007ffed8476000 	C:\WINDOWS\SYSTEM32\dhcpcsvc6.DLL

VM Arguments:
jvm_args: -Dfile.encoding=UTF-8 
java_command: br.com.empreendedorismo.ApiEmpreendendorismoApplication
java_class_path (initial): D:\Discover Profile\api-rest\target\classes;C:\Users\leona\.m2\repository\org\apache\commons\commons-email\1.4\commons-email-1.4.jar;C:\Users\leona\.m2\repository\com\sun\mail\javax.mail\1.5.2\javax.mail-1.5.2.jar;C:\Users\leona\.m2\repository\javax\activation\activation\1.1.1\activation-1.1.1.jar;C:\Users\leona\.m2\repository\org\springframework\cloud\spring-cloud-starter-openfeign\2.1.1.RELEASE\spring-cloud-starter-openfeign-2.1.1.RELEASE.jar;C:\Users\leona\.m2\repository\org\springframework\cloud\spring-cloud-starter\2.1.1.RELEASE\spring-cloud-starter-2.1.1.RELEASE.jar;C:\Users\leona\.m2\repository\org\springframework\cloud\spring-cloud-context\2.1.1.RELEASE\spring-cloud-context-2.1.1.RELEASE.jar;C:\Users\leona\.m2\repository\org\springframework\security\spring-security-rsa\1.0.7.RELEASE\spring-security-rsa-1.0.7.RELEASE.jar;C:\Users\leona\.m2\repository\org\bouncycastle\bcpkix-jdk15on\1.60\bcpkix-jdk15on-1.60.jar;C:\Users\leona\.m2\repository\org\bouncycastle\bcprov-jdk15on\1.60\bcprov-jdk15on-1.60.jar;C:\Users\leona\.m2\repository\org\springframework\cloud\spring-cloud-openfeign-core\2.1.1.RELEASE\spring-cloud-openfeign-core-2.1.1.RELEASE.jar;C:\Users\leona\.m2\repository\org\springframework\cloud\spring-cloud-netflix-ribbon\2.1.1.RELEASE\spring-cloud-netflix-ribbon-2.1.1.RELEASE.jar;C:\Users\leona\.m2\repository\org\springframework\cloud\spring-cloud-netflix-archaius\2.1.1.RELEASE\spring-cloud-netflix-archaius-2.1.1.RELEASE.jar;C:\Users\leona\.m2\repository\io\github\openfeign\form\feign-form-spring\3.5.0\feign-form-spring-3.5.0.jar;C:\Users\leona\.m2\repository\io\github\openfeign\form\feign-form\3.5.0\feign-form-3.5.0.jar;C:\Users\leona\.m2\repository\commons-fileupload\commons-fileupload\1.3.3\commons-fileupload-1.3.3.jar;C:\Users\leona\.m2\repository\commons-io\commons-io\2.2\commons-io-2.2.jar;C:\Users\leona\.m2\repository\org\springframework\spring-web\5.2.4.RELEASE\spring-web-5.2.4.RELEASE.jar;C:\Users\leona\.m2\repository\o
Launcher Type: SUN_STANDARD

Environment Variables:
PATH=C:/Program Files/Java/jre1.8.0_40/bin/server;C:/Program Files/Java/jre1.8.0_40/bin;C:/Program Files/Java/jre1.8.0_40/lib/amd64;C:\app\leona\product\18.0.0\dbhomeXE\bin;C:\ProgramData\Oracle\Java\javapath;C:\WINDOWS\system32;C:\WINDOWS;C:\WINDOWS\System32\Wbem;C:\WINDOWS\System32\WindowsPowerShell\v1.0\;C:\WINDOWS\System32\OpenSSH\;C:\Program Files\TortoiseSVN\bin;C:\Program Files\NVIDIA Corporation\NVIDIA NvDLISR;C:\Program Files (x86)\NVIDIA Corporation\PhysX\Common;C:\Program Files\nodejs\;C:\ProgramData\chocolatey\bin;C:\Program Files\Git\cmd;C:\Program Files\Git\mingw64\bin;C:\Program Files\Git\usr\bin;C:\Program Files\Docker\Docker\resources\bin;C:\ProgramData\DockerDesktop\version-bin;C:\WINDOWS\system32;C:\WINDOWS;C:\WINDOWS\System32\Wbem;C:\WINDOWS\System32\WindowsPowerShell\v1.0\;C:\WINDOWS\System32\OpenSSH\;C:\Users\leona\AppData\Local\Programs\Python\Python37\Scripts\;C:\Users\leona\AppData\Local\Programs\Python\Python37\;C:\Users\leona\AppData\Local\Microsoft\WindowsApps;;C:\Users\leona\AppData\Local\Programs\Microsoft VS Code\bin;C:\Users\leona\AppData\Roaming\npm;C:\WINDOWS\system32;
USERNAME=leona
OS=Windows_NT
PROCESSOR_IDENTIFIER=Intel64 Family 6 Model 142 Stepping 9, GenuineIntel



---------------  S Y S T E M  ---------------

OS: Windows 10.0 , 64 bit Build 18362 (10.0.18362.778)

CPU:total 4 (2 cores per cpu, 2 threads per core) family 6 model 142 stepping 9, cmov, cx8, fxsr, mmx, sse, sse2, sse3, ssse3, sse4.1, sse4.2, popcnt, avx, avx2, aes, clmul, erms, 3dnowpref, lzcnt, ht, tsc, tscinvbit, bmi1, bmi2, adx

Memory: 4k page, physical 16673248k(1870144k free), swap 32223708k(2172k free)

vm_info: Java HotSpot(TM) 64-Bit Server VM (25.40-b25) for windows-amd64 JRE (1.8.0_40-b26), built on Mar  7 2015 13:51:59 by "java_re" with MS VC++ 10.0 (VS2010)

time: Fri Jun 19 22:25:17 2020
elapsed time: 15 seconds (0d 0h 0m 15s)

