#
# There is insufficient memory for the Java Runtime Environment to continue.
# Native memory allocation (malloc) failed to allocate 464336 bytes for Chunk::new
# Possible reasons:
#   The system is out of physical RAM or swap space
#   In 32 bit mode, the process size limit was hit
# Possible solutions:
#   Reduce memory load on the system
#   Increase physical memory or swap space
#   Check if swap backing store is full
#   Use 64 bit Java on a 64 bit OS
#   Decrease Java heap size (-Xmx/-Xms)
#   Decrease number of Java threads
#   Decrease Java thread stack sizes (-Xss)
#   Set larger code cache with -XX:ReservedCodeCacheSize=
# This output file may be truncated or incomplete.
#
#  Out of Memory Error (allocation.cpp:390), pid=20144, tid=15688
#
# JRE version: Java(TM) SE Runtime Environment (8.0_40-b26) (build 1.8.0_40-b26)
# Java VM: Java HotSpot(TM) 64-Bit Server VM (25.40-b25 mixed mode windows-amd64 compressed oops)
# Failed to write core dump. Minidumps are not enabled by default on client versions of Windows
#

---------------  T H R E A D  ---------------

Current thread (0x000000001c747000):  JavaThread "C2 CompilerThread0" daemon [_thread_in_native, id=15688, stack(0x000000001dc90000,0x000000001dd90000)]

Stack: [0x000000001dc90000,0x000000001dd90000]
Native frames: (J=compiled Java code, j=interpreted, Vv=VM code, C=native code)
V  [jvm.dll+0x32b47a]


Current CompileTask:
C2:  16002 1212 %     4       java.io.WinNTFileSystem::normalize @ 22 (143 bytes)


---------------  P R O C E S S  ---------------

Java Threads: ( => current thread )
  0x000000001e03d800 JavaThread "background-preinit" [_thread_in_native, id=22848, stack(0x00000000200c0000,0x00000000201c0000)]
  0x000000001e03a800 JavaThread "restartedMain" [_thread_in_native, id=22760, stack(0x000000001ffc0000,0x00000000200c0000)]
  0x000000001f389800 JavaThread "Thread-0" [_thread_blocked, id=22740, stack(0x000000001fec0000,0x000000001ffc0000)]
  0x000000001dd9d800 JavaThread "Service Thread" daemon [_thread_blocked, id=6120, stack(0x000000001e390000,0x000000001e490000)]
  0x000000001dd97000 JavaThread "C1 CompilerThread2" daemon [_thread_blocked, id=16612, stack(0x000000001e290000,0x000000001e390000)]
  0x000000001dd94800 JavaThread "C2 CompilerThread1" daemon [_thread_blocked, id=7448, stack(0x000000001e190000,0x000000001e290000)]
=>0x000000001c747000 JavaThread "C2 CompilerThread0" daemon [_thread_in_native, id=15688, stack(0x000000001dc90000,0x000000001dd90000)]
  0x000000001c746000 JavaThread "Attach Listener" daemon [_thread_blocked, id=18968, stack(0x000000001db90000,0x000000001dc90000)]
  0x000000001c744800 JavaThread "Signal Dispatcher" daemon [_thread_blocked, id=4512, stack(0x000000001da90000,0x000000001db90000)]
  0x000000000314d000 JavaThread "Finalizer" daemon [_thread_blocked, id=15864, stack(0x000000001d990000,0x000000001da90000)]
  0x0000000003143000 JavaThread "Reference Handler" daemon [_thread_blocked, id=22000, stack(0x000000001d890000,0x000000001d990000)]
  0x0000000003057800 JavaThread "main" [_thread_blocked, id=22448, stack(0x0000000002ed0000,0x0000000002fd0000)]

Other Threads:
  0x000000001c707800 VMThread [stack: 0x000000001d790000,0x000000001d890000] [id=22328]
  0x000000001dd9e800 WatcherThread [stack: 0x000000001e490000,0x000000001e590000] [id=18200]

VM state:not at safepoint (normal execution)

VM Mutex/Monitor currently owned by a thread: None

Heap:
 PSYoungGen      total 76288K, used 51826K [0x000000076b300000, 0x0000000774800000, 0x00000007c0000000)
  eden space 65536K, 68% used [0x000000076b300000,0x000000076deceef8,0x000000076f300000)
  from space 10752K, 64% used [0x000000076f300000,0x000000076f9cda48,0x000000076fd80000)
  to   space 10752K, 0% used [0x0000000773d80000,0x0000000773d80000,0x0000000774800000)
 ParOldGen       total 175104K, used 0K [0x00000006c1800000, 0x00000006cc300000, 0x000000076b300000)
  object space 175104K, 0% used [0x00000006c1800000,0x00000006c1800000,0x00000006cc300000)
 Metaspace       used 11898K, capacity 12376K, committed 12672K, reserved 1060864K
  class space    used 1457K, capacity 1597K, committed 1664K, reserved 1048576K

Card table byte_map: [0x0000000012510000,0x0000000012d10000] byte_map_base: 0x000000000ef04000

Marking Bits: (ParMarkBitMap*) 0x0000000071074040
 Begin Bits: [0x0000000013660000, 0x0000000017600000)
 End Bits:   [0x0000000017600000, 0x000000001b5a0000)

Polling page: 0x00000000011d0000

CodeCache: size=245760Kb used=3775Kb max_used=3784Kb free=241984Kb
 bounds [0x0000000003150000, 0x0000000003510000, 0x0000000012150000]
 total_blobs=1461 nmethods=1136 adapters=238
 compilation: enabled

Compilation events (10 events):
Event: 15.985 Thread 0x000000001dd97000 nmethod 1207 0x00000000034fe8d0 code [0x00000000034feac0, 0x00000000034ff1e8]
Event: 15.988 Thread 0x000000001dd97000 1208       3       sun.reflect.DelegatingConstructorAccessorImpl::newInstance (9 bytes)
Event: 15.988 Thread 0x000000001dd97000 nmethod 1208 0x00000000034ff450 code [0x00000000034ff5c0, 0x00000000034ff7e8]
Event: 15.988 Thread 0x000000001dd97000 1209   !   3       sun.reflect.UTF8::encode (191 bytes)
Event: 15.989 Thread 0x000000001dd97000 nmethod 1209 0x00000000034ff890 code [0x00000000034ffa80, 0x0000000003500348]
Event: 15.989 Thread 0x000000001dd94800 1210       4       sun.reflect.ByteVectorImpl::add (38 bytes)
Event: 15.989 Thread 0x000000001dd97000 1211       3       sun.reflect.ByteVectorImpl::get (26 bytes)
Event: 15.989 Thread 0x000000001dd97000 nmethod 1211 0x0000000003500910 code [0x0000000003500a80, 0x0000000003500ca8]
Event: 15.990 Thread 0x000000001dd94800 nmethod 1210 0x00000000034fb4d0 code [0x00000000034fb620, 0x00000000034fb728]
Event: 15.991 Thread 0x000000001c747000 1212 %     4       java.io.WinNTFileSystem::normalize @ 22 (143 bytes)

GC Heap History (2 events):
Event: 10.746 GC heap before
{Heap before GC invocations=1 (full 0):
 PSYoungGen      total 76288K, used 65527K [0x000000076b300000, 0x0000000770800000, 0x00000007c0000000)
  eden space 65536K, 99% used [0x000000076b300000,0x000000076f2fdd60,0x000000076f300000)
  from space 10752K, 0% used [0x000000076fd80000,0x000000076fd80000,0x0000000770800000)
  to   space 10752K, 0% used [0x000000076f300000,0x000000076f300000,0x000000076fd80000)
 ParOldGen       total 175104K, used 0K [0x00000006c1800000, 0x00000006cc300000, 0x000000076b300000)
  object space 175104K, 0% used [0x00000006c1800000,0x00000006c1800000,0x00000006cc300000)
 Metaspace       used 7135K, capacity 7350K, committed 7552K, reserved 1056768K
  class space    used 826K, capacity 879K, committed 896K, reserved 1048576K
Event: 11.049 GC heap after
Heap after GC invocations=1 (full 0):
 PSYoungGen      total 76288K, used 6966K [0x000000076b300000, 0x0000000774800000, 0x00000007c0000000)
  eden space 65536K, 0% used [0x000000076b300000,0x000000076b300000,0x000000076f300000)
  from space 10752K, 64% used [0x000000076f300000,0x000000076f9cda48,0x000000076fd80000)
  to   space 10752K, 0% used [0x0000000773d80000,0x0000000773d80000,0x0000000774800000)
 ParOldGen       total 175104K, used 0K [0x00000006c1800000, 0x00000006cc300000, 0x000000076b300000)
  object space 175104K, 0% used [0x00000006c1800000,0x00000006c1800000,0x00000006cc300000)
 Metaspace       used 7135K, capacity 7350K, committed 7552K, reserved 1056768K
  class space    used 826K, capacity 879K, committed 896K, reserved 1048576K
}

Deoptimization events (10 events):
Event: 11.984 Thread 0x000000001e03a800 Uncommon trap: reason=unstable_if action=reinterpret pc=0x00000000033a99c8 method=java.io.WinNTFileSystem.normalize(Ljava/lang/String;II)Ljava/lang/String; @ 90
Event: 11.984 Thread 0x000000001e03a800 Uncommon trap: reason=class_check action=maybe_recompile pc=0x0000000003306d48 method=sun.misc.URLClassPath.getLoader(I)Lsun/misc/URLClassPath$Loader; @ 94
Event: 12.528 Thread 0x000000001e03a800 Uncommon trap: reason=unstable_if action=reinterpret pc=0x0000000003437dcc method=java.util.HashMap.putVal(ILjava/lang/Object;Ljava/lang/Object;ZZ)Ljava/lang/Object; @ 236
Event: 12.532 Thread 0x000000001e03a800 Uncommon trap: reason=unstable_if action=reinterpret pc=0x0000000003448588 method=java.lang.ThreadLocal$ThreadLocalMap.getEntry(Ljava/lang/ThreadLocal;)Ljava/lang/ThreadLocal$ThreadLocalMap$Entry; @ 21
Event: 12.539 Thread 0x000000001e03a800 Uncommon trap: reason=unstable_if action=reinterpret pc=0x0000000003300b64 method=java.lang.String.indexOf([CII[CIII)I @ 3
Event: 13.382 Thread 0x000000001e03a800 Uncommon trap: reason=unstable_if action=reinterpret pc=0x000000000342b430 method=java.util.HashMap.hash(Ljava/lang/Object;)I @ 1
Event: 13.382 Thread 0x000000001e03a800 Uncommon trap: reason=unstable_if action=reinterpret pc=0x0000000003449168 method=java.util.HashMap.hash(Ljava/lang/Object;)I @ 1
Event: 13.864 Thread 0x000000001e03d800 Uncommon trap: reason=unstable_if action=reinterpret pc=0x000000000344349c method=java.lang.ThreadLocal.get()Ljava/lang/Object; @ 11
Event: 14.748 Thread 0x000000001e03a800 Uncommon trap: reason=unstable_if action=reinterpret pc=0x000000000343bfe4 method=java.util.HashMap.getNode(ILjava/lang/Object;)Ljava/util/HashMap$Node; @ 129
Event: 15.077 Thread 0x000000001e03d800 Uncommon trap: reason=unstable_if action=reinterpret pc=0x00000000034389c4 method=java.lang.ThreadLocal$ThreadLocalMap.getEntry(Ljava/lang/ThreadLocal;)Ljava/lang/ThreadLocal$ThreadLocalMap$Entry; @ 21

Internal exceptions (10 events):
Event: 9.822 Thread 0x0000000003057800 Exception <a 'java/lang/ArrayIndexOutOfBoundsException': 134> (0x000000076c89d160) thrown at [D:\re\workspace\8-2-build-windows-amd64-cygwin\jdk8u40\3098\hotspot\src\share\vm\interpreter\interpreterRuntime.cpp, line 366]
Event: 11.593 Thread 0x000000001f389800 Exception <a 'java/lang/NoSuchMethodError': java.lang.Object.lambda$static$0(Ljava/lang/Throwable;)Lorg/springframework/boot/devtools/restart/FailureHandler$Outcome;> (0x000000076bc17910) thrown at [D:\re\workspace\8-2-build-windows-amd64-cygwin\jdk8u40\30
Event: 11.984 Thread 0x000000001e03a800 Implicit null exception at 0x0000000003438cda to 0x0000000003438d75
Event: 12.532 Thread 0x000000001e03a800 Implicit null exception at 0x0000000003447ff4 to 0x0000000003448559
Event: 13.326 Thread 0x000000001e03a800 Exception <a 'java/io/FileNotFoundException'> (0x000000076c22c1c8) thrown at [D:\re\workspace\8-2-build-windows-amd64-cygwin\jdk8u40\3098\hotspot\src\share\vm\prims\jni.cpp, line 709]
Event: 13.382 Thread 0x000000001e03a800 Implicit null exception at 0x000000000342b398 to 0x000000000342b426
Event: 13.382 Thread 0x000000001e03a800 Implicit null exception at 0x00000000034490ef to 0x0000000003449159
Event: 13.864 Thread 0x000000001e03d800 Implicit null exception at 0x0000000003442fc7 to 0x000000000344347d
Event: 13.897 Thread 0x000000001e03a800 Exception <a 'java/lang/NoSuchMethodError': java.lang.Object.lambda$chars$1()Ljava/util/Spliterator$OfInt;> (0x000000076cc2b020) thrown at [D:\re\workspace\8-2-build-windows-amd64-cygwin\jdk8u40\3098\hotspot\src\share\vm\interpreter\linkResolver.cpp, line }#ºg]'.@
Event: 15.077 Thread 0x000000001e03d800 Implicit null exception at 0x0000000003438934 to 0x00000000034389a9

Events (10 events):
Event: 15.989 loading class org/hibernate/validator/internal/metadata/core/ConstraintHelper$ValidatorDescriptorMap
Event: 15.989 loading class org/hibernate/validator/internal/metadata/core/ConstraintHelper$ValidatorDescriptorMap done
Event: 15.990 loading class javax/validation/constraints/AssertFalse
Event: 15.990 loading class javax/validation/constraints/AssertFalse done
Event: 15.991 loading class org/hibernate/validator/internal/constraintvalidators/bv/AssertFalseValidator
Event: 15.991 loading class org/hibernate/validator/internal/constraintvalidators/bv/AssertFalseValidator done
Event: 15.991 loading class javax/validation/ConstraintValidator
Event: 15.991 loading class javax/validation/ConstraintValidator done
Event: 15.991 loading class org/hibernate/validator/internal/engine/constraintvalidation/ConstraintValidatorDescriptor
Event: 15.991 loading class org/hibernate/validator/internal/engine/constraintvalidation/ConstraintValidatorDescriptor done


Dynamic libraries:
0x00007ff6985c0000 - 0x00007ff6985f7000 	C:\Program Files\Java\jre1.8.0_40\bin\javaw.exe
0x00007ffeea2a0000 - 0x00007ffeea490000 	C:\WINDOWS\SYSTEM32\ntdll.dll
0x00007ffee9bf0000 - 0x00007ffee9ca2000 	C:\WINDOWS\System32\KERNEL32.DLL
0x00007ffee7350000 - 0x00007ffee75f4000 	C:\WINDOWS\System32\KERNELBASE.dll
0x00007ffee9d30000 - 0x00007ffee9dd3000 	C:\WINDOWS\System32\ADVAPI32.dll
0x00007ffee8a20000 - 0x00007ffee8abe000 	C:\WINDOWS\System32\msvcrt.dll
0x00007ffee9630000 - 0x00007ffee96c7000 	C:\WINDOWS\System32\sechost.dll
0x00007ffee8350000 - 0x00007ffee8470000 	C:\WINDOWS\System32\RPCRT4.dll
0x00007ffee8c80000 - 0x00007ffee8e14000 	C:\WINDOWS\System32\USER32.dll
0x00007ffee77b0000 - 0x00007ffee77d1000 	C:\WINDOWS\System32\win32u.dll
0x00007ffee8470000 - 0x00007ffee8496000 	C:\WINDOWS\System32\GDI32.dll
0x00007ffee7f60000 - 0x00007ffee80f4000 	C:\WINDOWS\System32\gdi32full.dll
0x00007ffee8100000 - 0x00007ffee819e000 	C:\WINDOWS\System32\msvcp_win.dll
0x00007ffee7250000 - 0x00007ffee734a000 	C:\WINDOWS\System32\ucrtbase.dll
0x00007ffed3bf0000 - 0x00007ffed3e74000 	C:\WINDOWS\WinSxS\amd64_microsoft.windows.common-controls_6595b64144ccf1df_6.0.18362.836_none_e6c4b943130f18ed\COMCTL32.dll
0x00007ffee9f20000 - 0x00007ffeea256000 	C:\WINDOWS\System32\combase.dll
0x00007ffee7730000 - 0x00007ffee77b0000 	C:\WINDOWS\System32\bcryptPrimitives.dll
0x00007ffee8e20000 - 0x00007ffee8e4e000 	C:\WINDOWS\System32\IMM32.DLL
0x00000000705b0000 - 0x0000000070682000 	C:\Program Files\Java\jre1.8.0_40\bin\msvcr100.dll
0x0000000070870000 - 0x00000000710f3000 	C:\Program Files\Java\jre1.8.0_40\bin\server\jvm.dll
0x00007ffee9f10000 - 0x00007ffee9f18000 	C:\WINDOWS\System32\PSAPI.DLL
0x00007ffed18e0000 - 0x00007ffed18e9000 	C:\WINDOWS\SYSTEM32\WSOCK32.dll
0x00007ffee95c0000 - 0x00007ffee962f000 	C:\WINDOWS\System32\WS2_32.dll
0x00007ffed6570000 - 0x00007ffed6594000 	C:\WINDOWS\SYSTEM32\WINMM.dll
0x00007ffee46b0000 - 0x00007ffee46ba000 	C:\WINDOWS\SYSTEM32\VERSION.dll
0x00007ffed6320000 - 0x00007ffed634d000 	C:\WINDOWS\SYSTEM32\WINMMBASE.dll
0x00007ffee76e0000 - 0x00007ffee772a000 	C:\WINDOWS\System32\cfgmgr32.dll
0x0000000070780000 - 0x000000007078f000 	C:\Program Files\Java\jre1.8.0_40\bin\verify.dll
0x0000000070750000 - 0x0000000070779000 	C:\Program Files\Java\jre1.8.0_40\bin\java.dll
0x0000000070700000 - 0x0000000070716000 	C:\Program Files\Java\jre1.8.0_40\bin\zip.dll
0x00007ffee8e50000 - 0x00007ffee9534000 	C:\WINDOWS\System32\SHELL32.dll
0x00007ffee84a0000 - 0x00007ffee8549000 	C:\WINDOWS\System32\shcore.dll
0x00007ffee77e0000 - 0x00007ffee7f5e000 	C:\WINDOWS\System32\windows.storage.dll
0x00007ffee7170000 - 0x00007ffee7193000 	C:\WINDOWS\System32\profapi.dll
0x00007ffee71c0000 - 0x00007ffee720a000 	C:\WINDOWS\System32\powrprof.dll
0x00007ffee7160000 - 0x00007ffee7170000 	C:\WINDOWS\System32\UMPDC.dll
0x00007ffee9eb0000 - 0x00007ffee9f02000 	C:\WINDOWS\System32\shlwapi.dll
0x00007ffee7210000 - 0x00007ffee7221000 	C:\WINDOWS\System32\kernel.appcore.dll
0x00007ffee7230000 - 0x00007ffee7247000 	C:\WINDOWS\System32\cryptsp.dll
0x00000000706e0000 - 0x00000000706fa000 	C:\Program Files\Java\jre1.8.0_40\bin\net.dll
0x00007ffee6980000 - 0x00007ffee69e7000 	C:\WINDOWS\system32\mswsock.dll
0x00007ffee66a0000 - 0x00007ffee66da000 	C:\WINDOWS\SYSTEM32\IPHLPAPI.DLL
0x00007ffee95b0000 - 0x00007ffee95b8000 	C:\WINDOWS\System32\NSI.dll
0x00007ffed8460000 - 0x00007ffed8476000 	C:\WINDOWS\SYSTEM32\dhcpcsvc6.DLL
0x00007ffed8440000 - 0x00007ffed845c000 	C:\WINDOWS\SYSTEM32\dhcpcsvc.DLL
0x00007ffee66e0000 - 0x00007ffee67ab000 	C:\WINDOWS\SYSTEM32\DNSAPI.dll

VM Arguments:
jvm_args: -Dfile.encoding=UTF-8 
java_command: br.com.empreendedorismo.ApiEmpreendendorismoApplication
java_class_path (initial): D:\Discover Profile\api-rest\target\classes;C:\Users\leona\.m2\repository\org\apache\commons\commons-email\1.4\commons-email-1.4.jar;C:\Users\leona\.m2\repository\com\sun\mail\javax.mail\1.5.2\javax.mail-1.5.2.jar;C:\Users\leona\.m2\repository\javax\activation\activation\1.1.1\activation-1.1.1.jar;C:\Users\leona\.m2\repository\org\springframework\cloud\spring-cloud-starter-openfeign\2.1.1.RELEASE\spring-cloud-starter-openfeign-2.1.1.RELEASE.jar;C:\Users\leona\.m2\repository\org\springframework\cloud\spring-cloud-starter\2.1.1.RELEASE\spring-cloud-starter-2.1.1.RELEASE.jar;C:\Users\leona\.m2\repository\org\springframework\cloud\spring-cloud-context\2.1.1.RELEASE\spring-cloud-context-2.1.1.RELEASE.jar;C:\Users\leona\.m2\repository\org\springframework\security\spring-security-rsa\1.0.7.RELEASE\spring-security-rsa-1.0.7.RELEASE.jar;C:\Users\leona\.m2\repository\org\bouncycastle\bcpkix-jdk15on\1.60\bcpkix-jdk15on-1.60.jar;C:\Users\leona\.m2\repository\org\bouncycastle\bcprov-jdk15on\1.60\bcprov-jdk15on-1.60.jar;C:\Users\leona\.m2\repository\org\springframework\cloud\spring-cloud-openfeign-core\2.1.1.RELEASE\spring-cloud-openfeign-core-2.1.1.RELEASE.jar;C:\Users\leona\.m2\repository\org\springframework\cloud\spring-cloud-netflix-ribbon\2.1.1.RELEASE\spring-cloud-netflix-ribbon-2.1.1.RELEASE.jar;C:\Users\leona\.m2\repository\org\springframework\cloud\spring-cloud-netflix-archaius\2.1.1.RELEASE\spring-cloud-netflix-archaius-2.1.1.RELEASE.jar;C:\Users\leona\.m2\repository\io\github\openfeign\form\feign-form-spring\3.5.0\feign-form-spring-3.5.0.jar;C:\Users\leona\.m2\repository\io\github\openfeign\form\feign-form\3.5.0\feign-form-3.5.0.jar;C:\Users\leona\.m2\repository\commons-fileupload\commons-fileupload\1.3.3\commons-fileupload-1.3.3.jar;C:\Users\leona\.m2\repository\commons-io\commons-io\2.2\commons-io-2.2.jar;C:\Users\leona\.m2\repository\org\springframework\spring-web\5.2.4.RELEASE\spring-web-5.2.4.RELEASE.jar;C:\Users\leona\.m2\repository\o
Launcher Type: SUN_STANDARD

Environment Variables:
PATH=C:/Program Files/Java/jre1.8.0_40/bin/server;C:/Program Files/Java/jre1.8.0_40/bin;C:/Program Files/Java/jre1.8.0_40/lib/amd64;C:\app\leona\product\18.0.0\dbhomeXE\bin;C:\ProgramData\Oracle\Java\javapath;C:\WINDOWS\system32;C:\WINDOWS;C:\WINDOWS\System32\Wbem;C:\WINDOWS\System32\WindowsPowerShell\v1.0\;C:\WINDOWS\System32\OpenSSH\;C:\Program Files\TortoiseSVN\bin;C:\Program Files\NVIDIA Corporation\NVIDIA NvDLISR;C:\Program Files (x86)\NVIDIA Corporation\PhysX\Common;C:\Program Files\nodejs\;C:\ProgramData\chocolatey\bin;C:\Program Files\Git\cmd;C:\Program Files\Git\mingw64\bin;C:\Program Files\Git\usr\bin;C:\Program Files\Docker\Docker\resources\bin;C:\ProgramData\DockerDesktop\version-bin;C:\WINDOWS\system32;C:\WINDOWS;C:\WINDOWS\System32\Wbem;C:\WINDOWS\System32\WindowsPowerShell\v1.0\;C:\WINDOWS\System32\OpenSSH\;C:\Users\leona\AppData\Local\Programs\Python\Python37\Scripts\;C:\Users\leona\AppData\Local\Programs\Python\Python37\;C:\Users\leona\AppData\Local\Microsoft\WindowsApps;;C:\Users\leona\AppData\Local\Programs\Microsoft VS Code\bin;C:\Users\leona\AppData\Roaming\npm;C:\WINDOWS\system32;
USERNAME=leona
OS=Windows_NT
PROCESSOR_IDENTIFIER=Intel64 Family 6 Model 142 Stepping 9, GenuineIntel



---------------  S Y S T E M  ---------------

OS: Windows 10.0 , 64 bit Build 18362 (10.0.18362.778)

CPU:total 4 (2 cores per cpu, 2 threads per core) family 6 model 142 stepping 9, cmov, cx8, fxsr, mmx, sse, sse2, sse3, ssse3, sse4.1, sse4.2, popcnt, avx, avx2, aes, clmul, erms, 3dnowpref, lzcnt, ht, tsc, tscinvbit, bmi1, bmi2, adx

Memory: 4k page, physical 16673248k(1870012k free), swap 32223708k(2172k free)

vm_info: Java HotSpot(TM) 64-Bit Server VM (25.40-b25) for windows-amd64 JRE (1.8.0_40-b26), built on Mar  7 2015 13:51:59 by "java_re" with MS VC++ 10.0 (VS2010)

time: Fri Jun 19 22:25:17 2020
elapsed time: 16 seconds (0d 0h 0m 16s)

