#
# There is insufficient memory for the Java Runtime Environment to continue.
# Native memory allocation (malloc) failed to allocate 398816 bytes for Chunk::new
# Possible reasons:
#   The system is out of physical RAM or swap space
#   In 32 bit mode, the process size limit was hit
# Possible solutions:
#   Reduce memory load on the system
#   Increase physical memory or swap space
#   Check if swap backing store is full
#   Use 64 bit Java on a 64 bit OS
#   Decrease Java heap size (-Xmx/-Xms)
#   Decrease number of Java threads
#   Decrease Java thread stack sizes (-Xss)
#   Set larger code cache with -XX:ReservedCodeCacheSize=
# This output file may be truncated or incomplete.
#
#  Out of Memory Error (allocation.cpp:390), pid=15064, tid=21748
#
# JRE version: Java(TM) SE Runtime Environment (8.0_40-b26) (build 1.8.0_40-b26)
# Java VM: Java HotSpot(TM) 64-Bit Server VM (25.40-b25 mixed mode windows-amd64 compressed oops)
# Failed to write core dump. Minidumps are not enabled by default on client versions of Windows
#

---------------  T H R E A D  ---------------

Current thread (0x000000001dc00800):  JavaThread "C2 CompilerThread1" daemon [_thread_in_native, id=21748, stack(0x000000001e000000,0x000000001e100000)]

Stack: [0x000000001e000000,0x000000001e100000]
Native frames: (J=compiled Java code, j=interpreted, Vv=VM code, C=native code)
V  [jvm.dll+0x32b47a]
V  [jvm.dll+0x2797f3]
V  [jvm.dll+0x27a489]
V  [jvm.dll+0x2717a5]
V  [jvm.dll+0xcb9a2]
V  [jvm.dll+0xcbe6c]
V  [jvm.dll+0x476ea2]
V  [jvm.dll+0x4b950f]
V  [jvm.dll+0x46baa8]
V  [jvm.dll+0x46ccbe]
V  [jvm.dll+0x4500d2]
V  [jvm.dll+0xa4312]
V  [jvm.dll+0xa4c4f]
V  [jvm.dll+0x241914]
V  [jvm.dll+0x29848a]
C  [msvcr100.dll+0x21d9f]
C  [msvcr100.dll+0x21e3b]
C  [KERNEL32.DLL+0x17bd4]
C  [ntdll.dll+0x6ce51]


Current CompileTask:
C2:  15320  855       4       sun.misc.URLClassPath::getResource (83 bytes)


---------------  P R O C E S S  ---------------

Java Threads: ( => current thread )
  0x000000001dc29000 JavaThread "background-preinit" [_thread_blocked, id=22972, stack(0x000000001ff30000,0x0000000020030000)]
  0x000000001de90000 JavaThread "restartedMain" [_thread_blocked, id=22924, stack(0x000000001fe30000,0x000000001ff30000)]
  0x000000001de8f800 JavaThread "Thread-0" [_thread_blocked, id=22888, stack(0x000000001fd30000,0x000000001fe30000)]
  0x000000001dc12800 JavaThread "Service Thread" daemon [_thread_blocked, id=7116, stack(0x000000001e200000,0x000000001e300000)]
  0x000000001dc0c000 JavaThread "C1 CompilerThread2" daemon [_thread_in_native, id=21536, stack(0x000000001e100000,0x000000001e200000)]
=>0x000000001dc00800 JavaThread "C2 CompilerThread1" daemon [_thread_in_native, id=21748, stack(0x000000001e000000,0x000000001e100000)]
  0x000000001c596800 JavaThread "C2 CompilerThread0" daemon [_thread_blocked, id=21892, stack(0x000000001db00000,0x000000001dc00000)]
  0x000000001c595000 JavaThread "Attach Listener" daemon [_thread_blocked, id=6360, stack(0x000000001da00000,0x000000001db00000)]
  0x000000001c593800 JavaThread "Signal Dispatcher" daemon [_thread_blocked, id=15612, stack(0x000000001d900000,0x000000001da00000)]
  0x0000000002f9c000 JavaThread "Finalizer" daemon [_thread_blocked, id=12008, stack(0x000000001d800000,0x000000001d900000)]
  0x0000000002f93000 JavaThread "Reference Handler" daemon [_thread_blocked, id=17988, stack(0x000000001d700000,0x000000001d800000)]
  0x0000000002ea7800 JavaThread "main" [_thread_blocked, id=15768, stack(0x0000000002d20000,0x0000000002e20000)]

Other Threads:
  0x000000001c557800 VMThread [stack: 0x000000001d600000,0x000000001d700000] [id=16220]
  0x000000001dc14000 WatcherThread [stack: 0x000000001e300000,0x000000001e400000] [id=21236]

VM state:at safepoint (normal execution)

VM Mutex/Monitor currently owned by a thread:  ([mutex/lock_event])
[0x0000000002e9dcd0] Threads_lock - owner thread: 0x000000001c557800
[0x0000000002e9d050] Heap_lock - owner thread: 0x000000001de90000

Heap:
 PSYoungGen      total 76288K, used 22662K [0x000000076b300000, 0x0000000774800000, 0x00000007c0000000)
  eden space 65536K, 23% used [0x000000076b300000,0x000000076c2567a8,0x000000076f300000)
  from space 10752K, 64% used [0x000000076f300000,0x000000076f9cb088,0x000000076fd80000)
  to   space 10752K, 19% used [0x0000000773d80000,0x0000000773f96148,0x0000000774800000)
 ParOldGen       total 175104K, used 16K [0x00000006c1800000, 0x00000006cc300000, 0x000000076b300000)
  object space 175104K, 0% used [0x00000006c1800000,0x00000006c1804000,0x00000006cc300000)
 Metaspace       used 7976K, capacity 8210K, committed 8320K, reserved 1060864K
  class space    used 953K, capacity 1056K, committed 1152K, reserved 1048576K

Card table byte_map: [0x0000000012360000,0x0000000012b60000] byte_map_base: 0x000000000ed54000

Marking Bits: (ParMarkBitMap*) 0x0000000071074040
 Begin Bits: [0x00000000134b0000, 0x0000000017450000)
 End Bits:   [0x0000000017450000, 0x000000001b3f0000)

Polling page: 0x0000000000df0000

CodeCache: size=245760Kb used=3313Kb max_used=3326Kb free=242446Kb
 bounds [0x0000000002fa0000, 0x00000000032f0000, 0x0000000011fa0000]
 total_blobs=1158 nmethods=858 adapters=213
 compilation: enabled

Compilation events (10 events):
Event: 15.142 Thread 0x000000001dc00800  855       4       sun.misc.URLClassPath::getResource (83 bytes)
Event: 15.148 Thread 0x000000001dc0c000  856       3       sun.net.www.protocol.jar.Handler::indexOfBangSlash (52 bytes)
Event: 15.148 Thread 0x000000001dc0c000 nmethod 856 0x00000000032d4b90 code [0x00000000032d4d40, 0x00000000032d5438]
Event: 15.148 Thread 0x000000001dc0c000  857       3       sun.net.www.ParseUtil::canonizeString (195 bytes)
Event: 15.150 Thread 0x000000001dc0c000 nmethod 857 0x00000000032d5690 code [0x00000000032d5a40, 0x00000000032d7ee8]
Event: 15.150 Thread 0x000000001dc0c000  858       3       java.net.URLStreamHandler::setURL (159 bytes)
Event: 15.281 Thread 0x000000001dc0c000 nmethod 858 0x00000000032d8ed0 code [0x00000000032d9140, 0x00000000032da4c8]
Event: 15.285 Thread 0x000000001dc0c000  859       3       sun.misc.ASCIICaseInsensitiveComparator::compare (126 bytes)
Event: 15.286 Thread 0x000000001dc0c000 nmethod 859 0x00000000032dad50 code [0x00000000032daf60, 0x00000000032dbb38]
Event: 15.288 Thread 0x000000001c596800  860       4       sun.net.www.ParseUtil::encodePath (336 bytes)

GC Heap History (2 events):
Event: 12.974 GC heap before
{Heap before GC invocations=1 (full 0):
 PSYoungGen      total 76288K, used 65532K [0x000000076b300000, 0x0000000770800000, 0x00000007c0000000)
  eden space 65536K, 99% used [0x000000076b300000,0x000000076f2ff280,0x000000076f300000)
  from space 10752K, 0% used [0x000000076fd80000,0x000000076fd80000,0x0000000770800000)
  to   space 10752K, 0% used [0x000000076f300000,0x000000076f300000,0x000000076fd80000)
 ParOldGen       total 175104K, used 0K [0x00000006c1800000, 0x00000006cc300000, 0x000000076b300000)
  object space 175104K, 0% used [0x00000006c1800000,0x00000006c1800000,0x00000006cc300000)
 Metaspace       used 7131K, capacity 7350K, committed 7552K, reserved 1056768K
  class space    used 826K, capacity 879K, committed 896K, reserved 1048576K
Event: 13.493 GC heap after
Heap after GC invocations=1 (full 0):
 PSYoungGen      total 76288K, used 6956K [0x000000076b300000, 0x0000000774800000, 0x00000007c0000000)
  eden space 65536K, 0% used [0x000000076b300000,0x000000076b300000,0x000000076f300000)
  from space 10752K, 64% used [0x000000076f300000,0x000000076f9cb088,0x000000076fd80000)
  to   space 10752K, 0% used [0x0000000773d80000,0x0000000773d80000,0x0000000774800000)
 ParOldGen       total 175104K, used 8K [0x00000006c1800000, 0x00000006cc300000, 0x000000076b300000)
  object space 175104K, 0% used [0x00000006c1800000,0x00000006c1802000,0x00000006cc300000)
 Metaspace       used 7131K, capacity 7350K, committed 7552K, reserved 1056768K
  class space    used 826K, capacity 879K, committed 896K, reserved 1048576K
}

Deoptimization events (10 events):
Event: 2.815 Thread 0x0000000002ea7800 Uncommon trap: reason=unstable_if action=reinterpret pc=0x00000000030aac74 method=java.lang.String.hashCode()I @ 14
Event: 6.476 Thread 0x0000000002ea7800 Uncommon trap: reason=unstable_if action=reinterpret pc=0x0000000003159eb4 method=sun.misc.MetaIndex.mayContain(Ljava/lang/String;)Z @ 38
Event: 11.049 Thread 0x0000000002ea7800 Uncommon trap: reason=range_check action=make_not_entrant pc=0x0000000003275d28 method=sun.reflect.generics.parser.SignatureParser.current()C @ 34
Event: 12.474 Thread 0x0000000002ea7800 Uncommon trap: reason=unstable_if action=reinterpret pc=0x000000000329ef38 method=java.util.jar.Manifest$FastInputStream.peek()B @ 8
Event: 14.822 Thread 0x000000001de90000 Uncommon trap: reason=unstable_if action=reinterpret pc=0x0000000003296f88 method=java.lang.ThreadLocal.get()Ljava/lang/Object; @ 11
Event: 14.822 Thread 0x000000001de90000 Uncommon trap: reason=unstable_if action=reinterpret pc=0x00000000032149d0 method=java.io.WinNTFileSystem.normalize(Ljava/lang/String;II)Ljava/lang/String; @ 90
Event: 14.822 Thread 0x000000001de90000 Uncommon trap: reason=class_check action=maybe_recompile pc=0x000000000314e888 method=sun.misc.URLClassPath.getLoader(I)Lsun/misc/URLClassPath$Loader; @ 94
Event: 15.126 Thread 0x000000001de90000 Uncommon trap: reason=unstable_if action=reinterpret pc=0x0000000003294d8c method=java.util.HashMap.putVal(ILjava/lang/Object;Ljava/lang/Object;ZZ)Ljava/lang/Object; @ 236
Event: 15.132 Thread 0x000000001de90000 Uncommon trap: reason=unstable_if action=reinterpret pc=0x00000000032be38c method=java.lang.ThreadLocal$ThreadLocalMap.getEntry(Ljava/lang/ThreadLocal;)Ljava/lang/ThreadLocal$ThreadLocalMap$Entry; @ 21
Event: 15.138 Thread 0x000000001de90000 Uncommon trap: reason=unstable_if action=reinterpret pc=0x00000000031373a8 method=java.lang.String.indexOf([CII[CIII)I @ 3

Internal exceptions (10 events):
Event: 11.046 Thread 0x0000000002ea7800 Exception <a 'java/lang/ArrayIndexOutOfBoundsException'> (0x000000076c9c05b0) thrown at [D:\re\workspace\8-2-build-windows-amd64-cygwin\jdk8u40\3098\hotspot\src\share\vm\runtime\sharedRuntime.cpp, line 605]
Event: 11.047 Thread 0x0000000002ea7800 Exception <a 'java/lang/ArrayIndexOutOfBoundsException'> (0x000000076c9c2748) thrown at [D:\re\workspace\8-2-build-windows-amd64-cygwin\jdk8u40\3098\hotspot\src\share\vm\runtime\sharedRuntime.cpp, line 605]
Event: 11.048 Thread 0x0000000002ea7800 Exception <a 'java/lang/ArrayIndexOutOfBoundsException'> (0x000000076c9c47a8) thrown at [D:\re\workspace\8-2-build-windows-amd64-cygwin\jdk8u40\3098\hotspot\src\share\vm\runtime\sharedRuntime.cpp, line 605]
Event: 11.048 Thread 0x0000000002ea7800 Exception <a 'java/lang/ArrayIndexOutOfBoundsException'> (0x000000076c9c64c0) thrown at [D:\re\workspace\8-2-build-windows-amd64-cygwin\jdk8u40\3098\hotspot\src\share\vm\runtime\sharedRuntime.cpp, line 605]
Event: 11.049 Thread 0x0000000002ea7800 Exception <a 'java/lang/ArrayIndexOutOfBoundsException'> (0x000000076c9cf7b8) thrown at [D:\re\workspace\8-2-build-windows-amd64-cygwin\jdk8u40\3098\hotspot\src\share\vm\runtime\sharedRuntime.cpp, line 605]
Event: 11.049 Thread 0x0000000002ea7800 Exception <a 'java/lang/ArrayIndexOutOfBoundsException'> (0x000000076c9d1f48) thrown at [D:\re\workspace\8-2-build-windows-amd64-cygwin\jdk8u40\3098\hotspot\src\share\vm\runtime\sharedRuntime.cpp, line 605]
Event: 11.049 Thread 0x0000000002ea7800 Exception <a 'java/lang/ArrayIndexOutOfBoundsException': 126> (0x000000076c9df2b8) thrown at [D:\re\workspace\8-2-build-windows-amd64-cygwin\jdk8u40\3098\hotspot\src\share\vm\interpreter\interpreterRuntime.cpp, line 366]
Event: 14.539 Thread 0x000000001de8f800 Exception <a 'java/lang/NoSuchMethodError': java.lang.Object.lambda$static$0(Ljava/lang/Throwable;)Lorg/springframework/boot/devtools/restart/FailureHandler$Outcome;> (0x000000076bd44ad0) thrown at [D:\re\workspace\8-2-build-windows-amd64-cygwin\jdk8u40\30ั์นค-@
Event: 14.822 Thread 0x000000001de90000 Implicit null exception at 0x0000000003296eda to 0x0000000003296f75
Event: 15.132 Thread 0x000000001de90000 Implicit null exception at 0x00000000032bde34 to 0x00000000032be35d

Events (10 events):
Event: 15.286 loading class org/springframework/format/FormatterRegistry
Event: 15.286 loading class org/springframework/format/FormatterRegistry done
Event: 15.286 loading class org/springframework/core/convert/converter/ConverterRegistry
Event: 15.286 loading class org/springframework/core/convert/converter/ConverterRegistry done
Event: 15.287 loading class org/springframework/context/EmbeddedValueResolverAware
Event: 15.287 loading class org/springframework/context/EmbeddedValueResolverAware done
Event: 15.287 loading class org/springframework/core/convert/support/GenericConversionService
Event: 15.287 loading class org/springframework/core/convert/support/GenericConversionService done
Event: 15.288 loading class org/springframework/core/convert/support/ConfigurableConversionService
Event: 15.288 loading class org/springframework/core/convert/support/ConfigurableConversionService done


Dynamic libraries:
0x00007ff6985c0000 - 0x00007ff6985f7000 	C:\Program Files\Java\jre1.8.0_40\bin\javaw.exe
0x00007ffeea2a0000 - 0x00007ffeea490000 	C:\WINDOWS\SYSTEM32\ntdll.dll
0x00007ffee9bf0000 - 0x00007ffee9ca2000 	C:\WINDOWS\System32\KERNEL32.DLL
0x00007ffee7350000 - 0x00007ffee75f4000 	C:\WINDOWS\System32\KERNELBASE.dll
0x00007ffee9d30000 - 0x00007ffee9dd3000 	C:\WINDOWS\System32\ADVAPI32.dll
0x00007ffee8a20000 - 0x00007ffee8abe000 	C:\WINDOWS\System32\msvcrt.dll
0x00007ffee9630000 - 0x00007ffee96c7000 	C:\WINDOWS\System32\sechost.dll
0x00007ffee8350000 - 0x00007ffee8470000 	C:\WINDOWS\System32\RPCRT4.dll
0x00007ffee8c80000 - 0x00007ffee8e14000 	C:\WINDOWS\System32\USER32.dll
0x00007ffee77b0000 - 0x00007ffee77d1000 	C:\WINDOWS\System32\win32u.dll
0x00007ffee8470000 - 0x00007ffee8496000 	C:\WINDOWS\System32\GDI32.dll
0x00007ffee7f60000 - 0x00007ffee80f4000 	C:\WINDOWS\System32\gdi32full.dll
0x00007ffee8100000 - 0x00007ffee819e000 	C:\WINDOWS\System32\msvcp_win.dll
0x00007ffee7250000 - 0x00007ffee734a000 	C:\WINDOWS\System32\ucrtbase.dll
0x00007ffed3bf0000 - 0x00007ffed3e74000 	C:\WINDOWS\WinSxS\amd64_microsoft.windows.common-controls_6595b64144ccf1df_6.0.18362.836_none_e6c4b943130f18ed\COMCTL32.dll
0x00007ffee9f20000 - 0x00007ffeea256000 	C:\WINDOWS\System32\combase.dll
0x00007ffee7730000 - 0x00007ffee77b0000 	C:\WINDOWS\System32\bcryptPrimitives.dll
0x00007ffee8e20000 - 0x00007ffee8e4e000 	C:\WINDOWS\System32\IMM32.DLL
0x00000000705b0000 - 0x0000000070682000 	C:\Program Files\Java\jre1.8.0_40\bin\msvcr100.dll
0x0000000070870000 - 0x00000000710f3000 	C:\Program Files\Java\jre1.8.0_40\bin\server\jvm.dll
0x00007ffee9f10000 - 0x00007ffee9f18000 	C:\WINDOWS\System32\PSAPI.DLL
0x00007ffed18e0000 - 0x00007ffed18e9000 	C:\WINDOWS\SYSTEM32\WSOCK32.dll
0x00007ffee95c0000 - 0x00007ffee962f000 	C:\WINDOWS\System32\WS2_32.dll
0x00007ffed6570000 - 0x00007ffed6594000 	C:\WINDOWS\SYSTEM32\WINMM.dll
0x00007ffee46b0000 - 0x00007ffee46ba000 	C:\WINDOWS\SYSTEM32\VERSION.dll
0x00007ffed6320000 - 0x00007ffed634d000 	C:\WINDOWS\SYSTEM32\WINMMBASE.dll
0x00007ffee76e0000 - 0x00007ffee772a000 	C:\WINDOWS\System32\cfgmgr32.dll
0x0000000070780000 - 0x000000007078f000 	C:\Program Files\Java\jre1.8.0_40\bin\verify.dll
0x0000000070750000 - 0x0000000070779000 	C:\Program Files\Java\jre1.8.0_40\bin\java.dll
0x0000000070700000 - 0x0000000070716000 	C:\Program Files\Java\jre1.8.0_40\bin\zip.dll
0x00007ffee8e50000 - 0x00007ffee9534000 	C:\WINDOWS\System32\SHELL32.dll
0x00007ffee84a0000 - 0x00007ffee8549000 	C:\WINDOWS\System32\shcore.dll
0x00007ffee77e0000 - 0x00007ffee7f5e000 	C:\WINDOWS\System32\windows.storage.dll
0x00007ffee7170000 - 0x00007ffee7193000 	C:\WINDOWS\System32\profapi.dll
0x00007ffee71c0000 - 0x00007ffee720a000 	C:\WINDOWS\System32\powrprof.dll
0x00007ffee7160000 - 0x00007ffee7170000 	C:\WINDOWS\System32\UMPDC.dll
0x00007ffee9eb0000 - 0x00007ffee9f02000 	C:\WINDOWS\System32\shlwapi.dll
0x00007ffee7210000 - 0x00007ffee7221000 	C:\WINDOWS\System32\kernel.appcore.dll
0x00007ffee7230000 - 0x00007ffee7247000 	C:\WINDOWS\System32\cryptsp.dll
0x00007ffee5a30000 - 0x00007ffee5c24000 	C:\WINDOWS\SYSTEM32\dbghelp.dll

VM Arguments:
jvm_args: -Dfile.encoding=UTF-8 
java_command: br.com.empreendedorismo.ApiEmpreendendorismoApplication
java_class_path (initial): D:\Discover Profile\api-rest\target\classes;C:\Users\leona\.m2\repository\org\apache\commons\commons-email\1.4\commons-email-1.4.jar;C:\Users\leona\.m2\repository\com\sun\mail\javax.mail\1.5.2\javax.mail-1.5.2.jar;C:\Users\leona\.m2\repository\javax\activation\activation\1.1.1\activation-1.1.1.jar;C:\Users\leona\.m2\repository\org\springframework\cloud\spring-cloud-starter-openfeign\2.1.1.RELEASE\spring-cloud-starter-openfeign-2.1.1.RELEASE.jar;C:\Users\leona\.m2\repository\org\springframework\cloud\spring-cloud-starter\2.1.1.RELEASE\spring-cloud-starter-2.1.1.RELEASE.jar;C:\Users\leona\.m2\repository\org\springframework\cloud\spring-cloud-context\2.1.1.RELEASE\spring-cloud-context-2.1.1.RELEASE.jar;C:\Users\leona\.m2\repository\org\springframework\security\spring-security-rsa\1.0.7.RELEASE\spring-security-rsa-1.0.7.RELEASE.jar;C:\Users\leona\.m2\repository\org\bouncycastle\bcpkix-jdk15on\1.60\bcpkix-jdk15on-1.60.jar;C:\Users\leona\.m2\repository\org\bouncycastle\bcprov-jdk15on\1.60\bcprov-jdk15on-1.60.jar;C:\Users\leona\.m2\repository\org\springframework\cloud\spring-cloud-openfeign-core\2.1.1.RELEASE\spring-cloud-openfeign-core-2.1.1.RELEASE.jar;C:\Users\leona\.m2\repository\org\springframework\cloud\spring-cloud-netflix-ribbon\2.1.1.RELEASE\spring-cloud-netflix-ribbon-2.1.1.RELEASE.jar;C:\Users\leona\.m2\repository\org\springframework\cloud\spring-cloud-netflix-archaius\2.1.1.RELEASE\spring-cloud-netflix-archaius-2.1.1.RELEASE.jar;C:\Users\leona\.m2\repository\io\github\openfeign\form\feign-form-spring\3.5.0\feign-form-spring-3.5.0.jar;C:\Users\leona\.m2\repository\io\github\openfeign\form\feign-form\3.5.0\feign-form-3.5.0.jar;C:\Users\leona\.m2\repository\commons-fileupload\commons-fileupload\1.3.3\commons-fileupload-1.3.3.jar;C:\Users\leona\.m2\repository\commons-io\commons-io\2.2\commons-io-2.2.jar;C:\Users\leona\.m2\repository\org\springframework\spring-web\5.2.4.RELEASE\spring-web-5.2.4.RELEASE.jar;C:\Users\leona\.m2\repository\o
Launcher Type: SUN_STANDARD

Environment Variables:
PATH=C:/Program Files/Java/jre1.8.0_40/bin/server;C:/Program Files/Java/jre1.8.0_40/bin;C:/Program Files/Java/jre1.8.0_40/lib/amd64;C:\app\leona\product\18.0.0\dbhomeXE\bin;C:\ProgramData\Oracle\Java\javapath;C:\WINDOWS\system32;C:\WINDOWS;C:\WINDOWS\System32\Wbem;C:\WINDOWS\System32\WindowsPowerShell\v1.0\;C:\WINDOWS\System32\OpenSSH\;C:\Program Files\TortoiseSVN\bin;C:\Program Files\NVIDIA Corporation\NVIDIA NvDLISR;C:\Program Files (x86)\NVIDIA Corporation\PhysX\Common;C:\Program Files\nodejs\;C:\ProgramData\chocolatey\bin;C:\Program Files\Git\cmd;C:\Program Files\Git\mingw64\bin;C:\Program Files\Git\usr\bin;C:\Program Files\Docker\Docker\resources\bin;C:\ProgramData\DockerDesktop\version-bin;C:\WINDOWS\system32;C:\WINDOWS;C:\WINDOWS\System32\Wbem;C:\WINDOWS\System32\WindowsPowerShell\v1.0\;C:\WINDOWS\System32\OpenSSH\;C:\Users\leona\AppData\Local\Programs\Python\Python37\Scripts\;C:\Users\leona\AppData\Local\Programs\Python\Python37\;C:\Users\leona\AppData\Local\Microsoft\WindowsApps;;C:\Users\leona\AppData\Local\Programs\Microsoft VS Code\bin;C:\Users\leona\AppData\Roaming\npm;C:\WINDOWS\system32;
USERNAME=leona
OS=Windows_NT
PROCESSOR_IDENTIFIER=Intel64 Family 6 Model 142 Stepping 9, GenuineIntel



---------------  S Y S T E M  ---------------

OS: Windows 10.0 , 64 bit Build 18362 (10.0.18362.778)

CPU:total 4 (2 cores per cpu, 2 threads per core) family 6 model 142 stepping 9, cmov, cx8, fxsr, mmx, sse, sse2, sse3, ssse3, sse4.1, sse4.2, popcnt, avx, avx2, aes, clmul, erms, 3dnowpref, lzcnt, ht, tsc, tscinvbit, bmi1, bmi2, adx

Memory: 4k page, physical 16673248k(1870228k free), swap 32223708k(2172k free)

vm_info: Java HotSpot(TM) 64-Bit Server VM (25.40-b25) for windows-amd64 JRE (1.8.0_40-b26), built on Mar  7 2015 13:51:59 by "java_re" with MS VC++ 10.0 (VS2010)

time: Fri Jun 19 22:25:17 2020
elapsed time: 15 seconds (0d 0h 0m 15s)

